<?xml version="1.0" encoding="UTF-8"?>
<!-- Generated by org.testng.reporters.JUnitReportReporter -->
<testsuite hostname="DESKTOP-TF96RV1" failures="0" tests="1" name="Academy.LandingPageTest" time="33.398" errors="0" timestamp="2020-03-18T20:54:45 IST" skipped="0">
  <testcase classname="Academy.LandingPageTest" name="ValidateText" time="33.398"/>
</testsuite> <!-- Academy.LandingPageTest -->
