<?xml version="1.0" encoding="UTF-8"?>
<!-- Generated by org.testng.reporters.JUnitReportReporter -->
<testsuite hostname="DESKTOP-TF96RV1" failures="0" tests="2" name="Academy.HomePage" time="60.190" errors="0" timestamp="2020-03-18T20:54:45 IST" skipped="0">
  <testcase classname="Academy.HomePage" name="basePageNavigation" time="29.199"/>
  <testcase classname="Academy.HomePage" name="basePageNavigation" time="30.991"/>
</testsuite> <!-- Academy.HomePage -->
