<?xml version="1.0" encoding="UTF-8"?>
<!-- Generated by org.testng.reporters.JUnitReportReporter -->
<testsuite skipped="0" hostname="DESKTOP-TF96RV1" name="Academy.HomePage" tests="2" failures="0" timestamp="2020-03-19T12:19:25 IST" time="95.733" errors="0">
  <testcase name="basePageNavigation" time="52.849" classname="Academy.HomePage"/>
  <testcase name="basePageNavigation" time="42.884" classname="Academy.HomePage"/>
</testsuite> <!-- Academy.HomePage -->
