<?xml version="1.0" encoding="UTF-8"?>
<!-- Generated by org.testng.reporters.JUnitReportReporter -->
<testsuite skipped="0" hostname="DESKTOP-TF96RV1" name="Academy.LandingPageTest" tests="1" failures="0" timestamp="2020-03-19T12:19:25 IST" time="0.148" errors="0">
  <testcase name="ValidateText" time="0.148" classname="Academy.LandingPageTest"/>
</testsuite> <!-- Academy.LandingPageTest -->
